

Started GET "/billing/callc/daily_actions" for 127.0.0.1 at 2016-06-27 00:00:09 -0500
Processing by CallcController#daily_actions as */*
  Rendered text template (0.0ms)
Completed 200 OK in 4404ms (Views: 73.3ms | ActiveRecord: 48.9ms)
  Rendered inline template (0.6ms)

Sent mail to iva143@gmail.com (509ms)
  Rendered inline template (0.6ms)

Sent mail to wtorresg@gmail.com (211ms)
  Rendered inline template (0.6ms)

Sent mail to havs251955@hotmail.com (216ms)
  Rendered inline template (0.6ms)

Sent mail to sinergy.soluciones@gmail.com (216ms)
  Rendered inline template (0.7ms)

Sent mail to isaurotoropasaje@hotmail.com (201ms)
  Rendered inline template (1.1ms)

Sent mail to yeisonllanosc@hotmail.com (228ms)
  Rendered inline template (0.5ms)

Sent mail to lucellybuitron@hotmail.com (203ms)
  Rendered inline template (0.6ms)

Sent mail to multiserviciosela@hotmail.com (167ms)
  Rendered inline template (0.6ms)

Sent mail to bebaroux05@hotmail.com (206ms)
  Rendered inline template (0.4ms)

Sent mail to ingue1130@hotmail.com (195ms)
  Rendered inline template (0.6ms)

Sent mail to demica.2@hotmail.com (208ms)
  Rendered inline template (0.6ms)

Sent mail to aimermoralesr@gmail.com (212ms)
  Rendered inline template (0.6ms)

Sent mail to nancy-rocha14@hotmail.com (189ms)
  Rendered inline template (0.5ms)

Sent mail to johanabasme30@hotmail.com (212ms)
  Rendered inline template (0.4ms)

Sent mail to pamealis@hotmail.com (220ms)
  Rendered inline template (0.6ms)

Sent mail to johnortiz7@gmail.com (198ms)
  Rendered inline template (0.6ms)

Sent mail to efectybruselas@gmail.com (253ms)
  Rendered inline template (0.9ms)

Sent mail to andre-04291996@hotmail.com (208ms)
  Rendered inline template (0.6ms)

Sent mail to geluza10@hotmail.com (206ms)
  Rendered inline template (0.6ms)

Sent mail to adeshjohnson1239001123451@hotmail.com (160ms)
  Rendered inline template (0.6ms)

Sent mail to tinnye33@gmail.com (212ms)
  Rendered inline template (0.6ms)

Sent mail to leidyveronicapc@gmail.com (251ms)
  Rendered inline template (0.6ms)

Sent mail to villegasdiaza@yahoo.es (179ms)
  Rendered inline template (0.5ms)

Sent mail to elportal.net2008@hotmail.com (224ms)
  Rendered inline template (0.6ms)

Sent mail to arveyalexander1983@gmail.com (196ms)
  Rendered inline template (0.5ms)

Sent mail to jhonart32@hotmail.com (205ms)
  Rendered inline template (57.8ms)

Sent mail to guzmandiego746@gmail.com (198ms)
  Rendered inline template (0.6ms)

Sent mail to johnortiz22@hotmail.com (204ms)
  Rendered inline template (0.6ms)

Sent mail to alex.cja-28@hotmail.com (205ms)
  Rendered inline template (0.5ms)

Sent mail to anita_polo3@hotmail.com (196ms)
  Rendered inline template (0.6ms)

Sent mail to lanzadu@hotmail.com (254ms)
  Rendered inline template (0.5ms)

Sent mail to leydiiortega1982@hotmail.com (204ms)
  Rendered inline template (0.6ms)

Sent mail to kevinag38@gmail.com (5221ms)
  Rendered inline template (0.6ms)

Sent mail to elmesy20@gmail.com (259ms)
  Rendered inline template (0.6ms)

Sent mail to yulaidy_92@hotmail.com (195ms)
  Rendered inline template (0.6ms)

Sent mail to diego.olave@sinergy.com.co (260ms)
  Rendered inline template (0.9ms)

Sent mail to livis_legon@hotmail.com (205ms)
  Rendered inline template (0.6ms)

Sent mail to dmarthdez2015@gmail.com (213ms)
  Rendered callc/hourly_actions.html.erb within layouts/callc (0.1ms)
Completed 200 OK in 240189ms (Views: 9.6ms | ActiveRecord: 1103.8ms)


Started GET "/billing/callc/login/ufuxd1t9ab" for 66.249.79.166 at 2016-06-27 00:31:25 -0500
Processing by CallcController#login as HTML
  Parameters: {"id"=>"ufuxd1t9ab"}
  Rendered callc/login.html.erb within layouts/callc (7.6ms)
Completed 200 OK in 35ms (Views: 6.8ms | ActiveRecord: 16.0ms)


Started GET "/billing/callc/hourly_actions" for 127.0.0.1 at 2016-06-27 01:00:01 -0500
Processing by CallcController#hourly_actions as */*
  Rendered callc/hourly_actions.html.erb within layouts/callc (0.1ms)
Completed 200 OK in 194951ms (Views: 5.5ms | ActiveRecord: 555.1ms)


Started POST "/billing/api/send_sms_verification_code?u=admin&country_prefix=57&local_number=[FILTERED]&hash=4cae0b8fb3bd9863b2635140024821643c8d5a7d" for 190.127.232.86 at 2016-06-27 01:21:14 -0500
Processing by ApiController#send_sms_verification_code as HTML
  Parameters: {"u"=>"admin", "country_prefix"=>"57", "local_number"=>"[FILTERED]", "hash"=>"4cae0b8fb3bd9863b2635140024821643c8d5a7d"}
  Rendered text template (0.0ms)
Sent data mor_api_response.html (0.7ms)
Completed 200 OK in 13520ms (Views: 0.6ms | ActiveRecord: 143.7ms)


Started POST "/billing/api/user_register_mobile?u=admin&country_prefix=57&local_number=[FILTERED]&verif_code=5303&hash=58c7fb78eb0fbad10d0482e9d1be3b8a9fff5b40" for 190.127.232.86 at 2016-06-27 01:23:05 -0500
Processing by ApiController#user_register_mobile as HTML
  Parameters: {"u"=>"admin", "country_prefix"=>"57", "local_number"=>"[FILTERED]", "verif_code"=>"5303", "hash"=>"58c7fb78eb0fbad10d0482e9d1be3b8a9fff5b40"}
  Rendered text template (0.0ms)
Sent data mor_api_response.html (10.6ms)
Completed 200 OK in 37ms (Views: 0.5ms | ActiveRecord: 15.4ms)


Started POST "/billing/api/user_register_mobile?u=admin&country_prefix=57&local_number=[FILTERED]&verif_code=5303&hash=58c7fb78eb0fbad10d0482e9d1be3b8a9fff5b40" for 190.127.232.86 at 2016-06-27 01:25:38 -0500
Processing by ApiController#user_register_mobile as HTML
  Parameters: {"u"=>"admin", "country_prefix"=>"57", "local_number"=>"[FILTERED]", "verif_code"=>"5303", "hash"=>"58c7fb78eb0fbad10d0482e9d1be3b8a9fff5b40"}
  Rendered text template (0.0ms)
Sent data mor_api_response.html (1.1ms)
Completed 200 OK in 32ms (Views: 0.5ms | ActiveRecord: 15.8ms)


Started GET "/billing/callc/hourly_actions" for 127.0.0.1 at 2016-06-27 02:00:01 -0500
Processing by CallcController#hourly_actions as */*
  Rendered callc/hourly_actions.html.erb within layouts/callc (0.1ms)
Completed 200 OK in 178493ms (Views: 5.7ms | ActiveRecord: 527.7ms)


Started GET "/billing/images/callc/login" for 66.249.79.152 at 2016-06-27 02:04:15 -0500
Processing by CallcController#login as HTML
  Rendered callc/login.html.erb within layouts/callc (4.6ms)
Completed 200 OK in 17ms (Views: 6.5ms | ActiveRecord: 2.5ms)


Started GET "/billing/callc/hourly_actions" for 127.0.0.1 at 2016-06-27 03:00:01 -0500
Processing by CallcController#hourly_actions as */*
  Rendered callc/hourly_actions.html.erb within layouts/callc (0.1ms)
Completed 200 OK in 165279ms (Views: 5.6ms | ActiveRecord: 716.3ms)


Started GET "/billing/callc/signup_start/f739f7060d" for 66.249.79.152 at 2016-06-27 03:39:28 -0500
Processing by CallcController#signup_start as HTML
  Parameters: {"id"=>"f739f7060d"}
  Rendered callc/_address_form.html.erb (169.2ms)
  Rendered callc/signup_start.html.erb within layouts/callc (172.1ms)
Completed 200 OK in 192ms (Views: 160.3ms | ActiveRecord: 18.5ms)


Started GET "/billing/callc/hourly_actions" for 127.0.0.1 at 2016-06-27 04:00:01 -0500
Processing by CallcController#hourly_actions as */*
  Rendered callc/hourly_actions.html.erb within layouts/callc (0.1ms)
Completed 200 OK in 187080ms (Views: 6.6ms | ActiveRecord: 570.2ms)


Started GET "/billing/callc/hourly_actions" for 127.0.0.1 at 2016-06-27 05:00:01 -0500
Processing by CallcController#hourly_actions as */*
  Rendered callc/hourly_actions.html.erb within layouts/callc (0.1ms)
Completed 200 OK in 171371ms (Views: 5.8ms | ActiveRecord: 437.9ms)


Started GET "/billing/callc/login/ufuxd1t9ab" for 66.249.79.159 at 2016-06-27 05:24:15 -0500
Processing by CallcController#login as HTML
  Parameters: {"id"=>"ufuxd1t9ab"}
  Rendered callc/login.html.erb within layouts/callc (6.9ms)
Completed 200 OK in 29ms (Views: 6.6ms | ActiveRecord: 13.2ms)


Started GET "/billing/images/callc/login" for 66.249.79.152 at 2016-06-27 05:44:22 -0500
Processing by CallcController#login as HTML
  Rendered callc/login.html.erb within layouts/callc (4.8ms)
Completed 200 OK in 16ms (Views: 6.1ms | ActiveRecord: 2.5ms)


Started GET "/billing/callc/hourly_actions" for 127.0.0.1 at 2016-06-27 06:00:01 -0500
Processing by CallcController#hourly_actions as */*
  Rendered callc/hourly_actions.html.erb within layouts/callc (0.1ms)
Completed 200 OK in 188298ms (Views: 7.8ms | ActiveRecord: 434.4ms)


Started GET "/billing/callc/signup_start/f739f7060d?lang=pt" for 180.76.15.140 at 2016-06-27 06:29:48 -0500
Processing by CallcController#signup_start as */*
  Parameters: {"lang"=>"pt", "id"=>"f739f7060d"}
  Rendered callc/_address_form.html.erb (174.2ms)
  Rendered callc/signup_start.html.erb within layouts/callc (176.8ms)
Completed 200 OK in 196ms (Views: 167.0ms | ActiveRecord: 16.8ms)


Started GET "/billing/callc/signup_start/f739f7060d" for 66.249.79.159 at 2016-06-27 06:44:13 -0500
Processing by CallcController#signup_start as HTML
  Parameters: {"id"=>"f739f7060d"}
  Rendered callc/_address_form.html.erb (158.6ms)
  Rendered callc/signup_start.html.erb within layouts/callc (160.3ms)
Completed 200 OK in 180ms (Views: 150.0ms | ActiveRecord: 14.8ms)


Started GET "/billing/images/callc/login" for 66.249.79.166 at 2016-06-27 06:49:14 -0500
Processing by CallcController#login as HTML
  Rendered callc/login.html.erb within layouts/callc (3.9ms)
Completed 200 OK in 16ms (Views: 6.0ms | ActiveRecord: 3.1ms)


Started GET "/billing/callc/hourly_actions" for 127.0.0.1 at 2016-06-27 07:00:01 -0500
Processing by CallcController#hourly_actions as */*
  Rendered callc/hourly_actions.html.erb within layouts/callc (0.1ms)
Completed 200 OK in 187295ms (Views: 6.3ms | ActiveRecord: 521.7ms)


Started GET "/billing/callc/login/ufuxd1t9ab" for 66.249.79.166 at 2016-06-27 07:14:15 -0500
Processing by CallcController#login as HTML
  Parameters: {"id"=>"ufuxd1t9ab"}
  Rendered callc/login.html.erb within layouts/callc (6.1ms)
Completed 200 OK in 29ms (Views: 6.3ms | ActiveRecord: 14.2ms)


Started GET "/billing/images/callc/login" for 104.157.145.102 at 2016-06-27 07:48:46 -0500
Processing by CallcController#login as HTML
  Rendered callc/login.html.erb within layouts/callc (116.0ms)
Completed 200 OK in 130ms (Views: 118.1ms | ActiveRecord: 4.3ms)


Started GET "/billing/callc/hourly_actions" for 127.0.0.1 at 2016-06-27 08:00:01 -0500
Processing by CallcController#hourly_actions as */*
  Rendered callc/hourly_actions.html.erb within layouts/callc (0.1ms)
Completed 200 OK in 158993ms (Views: 110.3ms | ActiveRecord: 597.9ms)


Started GET "/billing/callc/signup_start/f739f7060d" for 66.249.79.159 at 2016-06-27 08:14:14 -0500
Processing by CallcController#signup_start as HTML
  Parameters: {"id"=>"f739f7060d"}
  Rendered callc/_address_form.html.erb (61.7ms)
  Rendered callc/signup_start.html.erb within layouts/callc (63.5ms)
Completed 200 OK in 169ms (Views: 139.8ms | ActiveRecord: 14.8ms)


Started GET "/billing/callc/hourly_actions" for 127.0.0.1 at 2016-06-27 09:00:01 -0500
Processing by CallcController#hourly_actions as */*
  Rendered callc/hourly_actions.html.erb within layouts/callc (0.1ms)
Completed 200 OK in 175922ms (Views: 5.8ms | ActiveRecord: 481.2ms)


Started GET "/billing/" for 181.56.30.246 at 2016-06-27 09:13:29 -0500
Processing by CallcController#main as HTML
Redirected to http://sip.fututel.com/billing/images/callc/login
Completed 302 Found in 7ms (ActiveRecord: 2.2ms)


Started GET "/billing/images/callc/login" for 181.56.30.246 at 2016-06-27 09:13:29 -0500
Processing by CallcController#login as HTML
  Rendered callc/login.html.erb within layouts/callc (4.3ms)
Completed 200 OK in 118ms (Views: 111.5ms | ActiveRecord: 2.5ms)


Started POST "/billing/callc/try_to_login" for 181.56.30.246 at 2016-06-27 09:13:33 -0500
Processing by CallcController#try_to_login as HTML
  Parameters: {"utf8"=>"✓", "authenticity_token"=>"UYH5t1qSmbJLreF2mQ5+NYRvdm4nzPyv5iFXGMunwC4=", "login"=>{"username"=>"luciamar2972@hotmail.com", "psw"=>"[FILTERED]"}}
Redirected to http://sip.fututel.com/billing/
Completed 302 Found in 93ms (ActiveRecord: 52.2ms)


Started GET "/billing/" for 181.56.30.246 at 2016-06-27 09:13:33 -0500
Processing by CallcController#main as HTML
  Rendered callc/main.html.erb within layouts/callc (176.0ms)
  Rendered layouts/_personal_menu.html.erb (3.7ms)
Completed 200 OK in 234ms (Views: 49.1ms | ActiveRecord: 171.7ms)


Started GET "/billing/stats/last_calls_stats" for 181.56.30.246 at 2016-06-27 09:13:37 -0500
Processing by StatsController#last_calls_stats as HTML
  Rendered stats/_last_calls_stats_user.html.erb (98.2ms)
  Rendered stats/last_calls_stats.html.erb within layouts/callc (99.8ms)
  Rendered layouts/_personal_menu.html.erb (1.9ms)
Completed 200 OK in 165ms (Views: 106.3ms | ActiveRecord: 9.2ms)


Started POST "/billing/stats/last_calls_stats" for 181.56.30.246 at 2016-06-27 09:13:42 -0500
Processing by StatsController#last_calls_stats as HTML
  Parameters: {"utf8"=>"✓", "authenticity_token"=>"UYH5t1qSmbJLreF2mQ5+NYRvdm4nzPyv5iFXGMunwC4=", "search_on"=>"1", "date_from"=>{"year"=>"2016", "month"=>"6", "day"=>"27", "hour"=>"00", "minute"=>"00"}, "date_till"=>{"year"=>"2016", "month"=>"6", "day"=>"27", "hour"=>"23", "minute"=>"59"}, "s_device"=>"all", "s_call_type"=>"answered", "s_source"=>"", "s_destination"=>""}
  Rendered stats/_last_calls_stats_user.html.erb (8.6ms)
  Rendered stats/last_calls_stats.html.erb within layouts/callc (9.4ms)
  Rendered layouts/_personal_menu.html.erb (2.0ms)
Completed 200 OK in 32ms (Views: 16.2ms | ActiveRecord: 4.8ms)


Started GET "/billing/callc/login/ufuxd1t9ab" for 178.63.13.15 at 2016-06-27 09:33:02 -0500
Processing by CallcController#login as HTML
  Parameters: {"id"=>"ufuxd1t9ab"}
  Rendered callc/login.html.erb within layouts/callc (7.5ms)
Completed 200 OK in 116ms (Views: 10.3ms | ActiveRecord: 18.4ms)


Started GET "/billing/callc/login/ufuxd1t9ab" for 178.63.13.15 at 2016-06-27 09:56:49 -0500
Processing by CallcController#login as HTML
  Parameters: {"id"=>"ufuxd1t9ab"}
  Rendered callc/login.html.erb within layouts/callc (3.1ms)
Completed 200 OK in 20ms (Views: 6.2ms | ActiveRecord: 5.5ms)


Started GET "/billing/images/callc/login" for 190.66.234.255 at 2016-06-27 09:58:14 -0500
Processing by CallcController#login as HTML
  Rendered callc/login.html.erb within layouts/callc (3.1ms)
Completed 200 OK in 14ms (Views: 5.9ms | ActiveRecord: 1.0ms)


Started GET "/billing/callc/login/ufuxd1t9ab" for 66.249.79.166 at 2016-06-27 09:59:13 -0500
Processing by CallcController#login as HTML
  Parameters: {"id"=>"ufuxd1t9ab"}
  Rendered callc/login.html.erb within layouts/callc (3.1ms)
Completed 200 OK in 15ms (Views: 6.0ms | ActiveRecord: 1.2ms)


Started GET "/billing/callc/hourly_actions" for 127.0.0.1 at 2016-06-27 10:00:01 -0500
Processing by CallcController#hourly_actions as */*
  Rendered callc/hourly_actions.html.erb within layouts/callc (0.1ms)
Completed 200 OK in 184003ms (Views: 6.2ms | ActiveRecord: 450.7ms)


Started GET "/billing/images/callc/login" for 104.157.145.102 at 2016-06-27 10:09:35 -0500
Processing by CallcController#login as HTML
  Rendered callc/login.html.erb within layouts/callc (4.7ms)
Completed 200 OK in 127ms (Views: 117.6ms | ActiveRecord: 2.3ms)


Started GET "/billing/" for 104.157.145.102 at 2016-06-27 10:09:44 -0500
Processing by CallcController#main as HTML
Redirected to http://sip.fututel.com/billing/images/callc/login
Completed 302 Found in 2ms (ActiveRecord: 0.2ms)


Started GET "/billing/images/callc/login" for 104.157.145.102 at 2016-06-27 10:09:44 -0500
Processing by CallcController#login as HTML
  Rendered callc/login.html.erb within layouts/callc (3.2ms)
Completed 200 OK in 12ms (Views: 6.3ms | ActiveRecord: 0.8ms)


Started GET "/billing/" for 104.157.145.102 at 2016-06-27 10:09:47 -0500
Processing by CallcController#main as HTML
Redirected to http://sip.fututel.com/billing/images/callc/login
Completed 302 Found in 2ms (ActiveRecord: 0.1ms)


Started GET "/billing/images/callc/login" for 104.157.145.102 at 2016-06-27 10:09:47 -0500
Processing by CallcController#login as HTML
  Rendered callc/login.html.erb within layouts/callc (3.0ms)
Completed 200 OK in 11ms (Views: 5.9ms | ActiveRecord: 0.8ms)


Started POST "/billing/stats/last_calls_stats" for 181.56.30.246 at 2016-06-27 10:28:27 -0500
Processing by StatsController#last_calls_stats as HTML
  Parameters: {"utf8"=>"✓", "authenticity_token"=>"UYH5t1qSmbJLreF2mQ5+NYRvdm4nzPyv5iFXGMunwC4=", "search_on"=>"1", "date_from"=>{"year"=>"2016", "month"=>"6", "day"=>"27", "hour"=>"00", "minute"=>"00"}, "date_till"=>{"year"=>"2016", "month"=>"6", "day"=>"27", "hour"=>"23", "minute"=>"59"}, "s_device"=>"all", "s_call_type"=>"answered", "s_source"=>"", "s_destination"=>""}
  Rendered stats/_last_calls_stats_user.html.erb (97.5ms)
  Rendered stats/last_calls_stats.html.erb within layouts/callc (98.3ms)
  Rendered layouts/_personal_menu.html.erb (3.1ms)
Completed 200 OK in 123ms (Views: 103.8ms | ActiveRecord: 8.1ms)


Started GET "/billing/callc/hourly_actions" for 127.0.0.1 at 2016-06-27 11:00:01 -0500
Processing by CallcController#hourly_actions as */*
  Rendered callc/hourly_actions.html.erb within layouts/callc (0.1ms)
Completed 200 OK in 177215ms (Views: 6.9ms | ActiveRecord: 413.3ms)


Started GET "/billing/callc/login/ufuxd1t9ab" for 66.249.79.159 at 2016-06-27 11:09:13 -0500
Processing by CallcController#login as HTML
  Parameters: {"id"=>"ufuxd1t9ab"}
  Rendered callc/login.html.erb within layouts/callc (6.5ms)
Completed 200 OK in 28ms (Views: 6.3ms | ActiveRecord: 13.4ms)


Started GET "/billing/callc/hourly_actions" for 127.0.0.1 at 2016-06-27 12:00:01 -0500
Processing by CallcController#hourly_actions as */*
  Rendered callc/hourly_actions.html.erb within layouts/callc (0.1ms)
Completed 200 OK in 182194ms (Views: 5.8ms | ActiveRecord: 440.2ms)


Started GET "/billing/callc/signup_start/f739f7060d" for 66.249.79.159 at 2016-06-27 12:49:14 -0500
Processing by CallcController#signup_start as HTML
  Parameters: {"id"=>"f739f7060d"}
  Rendered callc/_address_form.html.erb (176.8ms)
  Rendered callc/signup_start.html.erb within layouts/callc (178.8ms)
Completed 200 OK in 203ms (Views: 164.1ms | ActiveRecord: 20.7ms)


Started GET "/billing/callc/hourly_actions" for 127.0.0.1 at 2016-06-27 13:00:01 -0500
Processing by CallcController#hourly_actions as */*
  Rendered callc/hourly_actions.html.erb within layouts/callc (0.1ms)
Completed 200 OK in 183379ms (Views: 6.2ms | ActiveRecord: 550.7ms)


Started GET "/billing/callc/login/ufuxd1t9ab" for 66.249.79.152 at 2016-06-27 13:09:14 -0500
Processing by CallcController#login as HTML
  Parameters: {"id"=>"ufuxd1t9ab"}
  Rendered callc/login.html.erb within layouts/callc (6.8ms)
Completed 200 OK in 33ms (Views: 6.5ms | ActiveRecord: 17.2ms)


Started GET "/billing/callc/hourly_actions" for 127.0.0.1 at 2016-06-27 14:00:01 -0500
Processing by CallcController#hourly_actions as */*
  Rendered callc/hourly_actions.html.erb within layouts/callc (0.1ms)
Completed 200 OK in 179784ms (Views: 5.9ms | ActiveRecord: 504.5ms)


Started GET "/billing/callc/login/ufuxd1t9ab" for 66.249.79.159 at 2016-06-27 14:09:17 -0500
Processing by CallcController#login as HTML
  Parameters: {"id"=>"ufuxd1t9ab"}
  Rendered callc/login.html.erb within layouts/callc (8.8ms)
Completed 200 OK in 37ms (Views: 8.9ms | ActiveRecord: 19.0ms)


Started GET "/billing/images/callc/login" for 66.249.79.152 at 2016-06-27 14:19:17 -0500
Processing by CallcController#login as HTML
  Rendered callc/login.html.erb within layouts/callc (111.4ms)
Completed 200 OK in 128ms (Views: 115.2ms | ActiveRecord: 6.1ms)


Started GET "/billing/images/callc/login" for 138.117.85.49 at 2016-06-27 14:49:10 -0500
Processing by CallcController#login as HTML
  Rendered callc/login.html.erb within layouts/callc (3.3ms)
Completed 200 OK in 20ms (Views: 6.5ms | ActiveRecord: 4.2ms)


Started POST "/billing/callc/try_to_login" for 138.117.85.49 at 2016-06-27 14:49:22 -0500
Processing by CallcController#try_to_login as HTML
  Parameters: {"utf8"=>"✓", "authenticity_token"=>"NnN7s9ULCVRQ86aZg/B+zgpoLYNF6ur5fEQPY/hY64Y=", "login"=>{"username"=>"bago0319@gmail.com", "psw"=>"[FILTERED]"}}
Redirected to http://sip.fututel.com/billing/
Completed 302 Found in 84ms (ActiveRecord: 59.2ms)


Started GET "/billing/" for 138.117.85.49 at 2016-06-27 14:49:23 -0500
Processing by CallcController#main as HTML
  Rendered callc/main.html.erb within layouts/callc (334.5ms)
  Rendered layouts/_personal_menu2.html.erb (107.5ms)
Completed 200 OK in 498ms (Views: 149.3ms | ActiveRecord: 338.0ms)


Started GET "/billing/?refresh_stats" for 138.117.85.49 at 2016-06-27 14:49:25 -0500
Processing by CallcController#main as HTML
  Parameters: {"refresh_stats"=>nil}
  Rendered callc/_quick_stat.html.erb (2.7ms)
  Rendered callc/main.html.erb within layouts/callc (34.6ms)
  Rendered layouts/_personal_menu2.html.erb (2.7ms)
Completed 200 OK in 54ms (Views: 37.5ms | ActiveRecord: 6.6ms)


Started GET "/billing/accounting/user_invoices" for 138.117.85.49 at 2016-06-27 14:49:32 -0500
Processing by AccountingController#user_invoices as HTML
  Rendered accounting/user_invoices.html.erb within layouts/callc (148.2ms)
  Rendered layouts/_personal_menu2.html.erb (3.0ms)
Completed 200 OK in 163ms (Views: 152.3ms | ActiveRecord: 6.4ms)


Started GET "/billing/stats/last_calls_stats" for 138.117.85.49 at 2016-06-27 14:49:40 -0500
Processing by StatsController#last_calls_stats as HTML
  Rendered stats/_last_calls_stats_user.html.erb (91.3ms)
  Rendered stats/last_calls_stats.html.erb within layouts/callc (92.2ms)
  Rendered layouts/_personal_menu2.html.erb (3.3ms)
Completed 200 OK in 120ms (Views: 101.3ms | ActiveRecord: 10.9ms)


Started POST "/billing/stats/last_calls_stats" for 138.117.85.49 at 2016-06-27 14:49:42 -0500
Processing by StatsController#last_calls_stats as HTML
  Parameters: {"utf8"=>"✓", "authenticity_token"=>"NnN7s9ULCVRQ86aZg/B+zgpoLYNF6ur5fEQPY/hY64Y=", "search_on"=>"1", "date_from"=>{"year"=>"2016", "month"=>"6", "day"=>"27", "hour"=>"00", "minute"=>"00"}, "date_till"=>{"year"=>"2016", "month"=>"6", "day"=>"27", "hour"=>"23", "minute"=>"59"}, "s_device"=>"all", "s_call_type"=>"all", "s_source"=>"", "s_destination"=>""}
  Rendered stats/_last_calls_stats_user.html.erb (91.4ms)
  Rendered stats/last_calls_stats.html.erb within layouts/callc (92.3ms)
  Rendered layouts/_personal_menu2.html.erb (3.1ms)
Completed 200 OK in 119ms (Views: 100.6ms | ActiveRecord: 8.2ms)


Started POST "/billing/stats/last_calls_stats" for 138.117.85.49 at 2016-06-27 14:49:43 -0500
Processing by StatsController#last_calls_stats as HTML
  Parameters: {"utf8"=>"✓", "authenticity_token"=>"NnN7s9ULCVRQ86aZg/B+zgpoLYNF6ur5fEQPY/hY64Y=", "search_on"=>"1", "date_from"=>{"year"=>"2016", "month"=>"6", "day"=>"27", "hour"=>"00", "minute"=>"00"}, "date_till"=>{"year"=>"2016", "month"=>"6", "day"=>"27", "hour"=>"23", "minute"=>"59"}, "s_device"=>"all", "s_call_type"=>"all", "s_source"=>"", "s_destination"=>""}
  Rendered stats/_last_calls_stats_user.html.erb (89.7ms)
  Rendered stats/last_calls_stats.html.erb within layouts/callc (90.5ms)
  Rendered layouts/_personal_menu2.html.erb (3.2ms)
Completed 200 OK in 111ms (Views: 99.0ms | ActiveRecord: 2.0ms)


Started POST "/billing/stats/last_calls_stats" for 138.117.85.49 at 2016-06-27 14:49:46 -0500
Processing by StatsController#last_calls_stats as HTML
  Parameters: {"utf8"=>"✓", "authenticity_token"=>"NnN7s9ULCVRQ86aZg/B+zgpoLYNF6ur5fEQPY/hY64Y=", "search_on"=>"1", "date_from"=>{"year"=>"2016", "month"=>"6", "day"=>"27", "hour"=>"00", "minute"=>"00"}, "date_till"=>{"year"=>"2016", "month"=>"6", "day"=>"27", "hour"=>"23", "minute"=>"59"}, "s_device"=>"all", "s_call_type"=>"all", "s_source"=>"", "s_destination"=>""}
  Rendered stats/_last_calls_stats_user.html.erb (86.3ms)
  Rendered stats/last_calls_stats.html.erb within layouts/callc (87.1ms)
  Rendered layouts/_personal_menu2.html.erb (3.1ms)
Completed 200 OK in 107ms (Views: 95.4ms | ActiveRecord: 2.0ms)


Started POST "/billing/stats/last_calls_stats" for 138.117.85.49 at 2016-06-27 14:49:49 -0500
Processing by StatsController#last_calls_stats as HTML
  Parameters: {"utf8"=>"✓", "authenticity_token"=>"NnN7s9ULCVRQ86aZg/B+zgpoLYNF6ur5fEQPY/hY64Y=", "search_on"=>"1", "date_from"=>{"year"=>"2016", "month"=>"6", "day"=>"27", "hour"=>"00", "minute"=>"00"}, "date_till"=>{"year"=>"2016", "month"=>"6", "day"=>"27", "hour"=>"23", "minute"=>"59"}, "s_device"=>"all", "s_call_type"=>"all", "s_source"=>"", "s_destination"=>""}
  Rendered stats/_last_calls_stats_user.html.erb (87.0ms)
  Rendered stats/last_calls_stats.html.erb within layouts/callc (87.9ms)
  Rendered layouts/_personal_menu2.html.erb (3.4ms)
Completed 200 OK in 110ms (Views: 97.1ms | ActiveRecord: 2.8ms)


Started POST "/billing/stats/last_calls_stats" for 138.117.85.49 at 2016-06-27 14:49:51 -0500
Processing by StatsController#last_calls_stats as HTML
  Parameters: {"utf8"=>"✓", "authenticity_token"=>"NnN7s9ULCVRQ86aZg/B+zgpoLYNF6ur5fEQPY/hY64Y=", "search_on"=>"1", "date_from"=>{"year"=>"2016", "month"=>"6", "day"=>"27", "hour"=>"00", "minute"=>"00"}, "date_till"=>{"year"=>"2016", "month"=>"6", "day"=>"27", "hour"=>"23", "minute"=>"59"}, "s_device"=>"all", "s_call_type"=>"all", "s_source"=>"", "s_destination"=>""}
  Rendered stats/_last_calls_stats_user.html.erb (87.1ms)
  Rendered stats/last_calls_stats.html.erb within layouts/callc (87.9ms)
  Rendered layouts/_personal_menu2.html.erb (3.4ms)
Completed 200 OK in 115ms (Views: 96.7ms | ActiveRecord: 8.2ms)


Started POST "/billing/stats/last_calls_stats" for 138.117.85.49 at 2016-06-27 14:49:54 -0500
Processing by StatsController#last_calls_stats as HTML
  Parameters: {"utf8"=>"✓", "authenticity_token"=>"NnN7s9ULCVRQ86aZg/B+zgpoLYNF6ur5fEQPY/hY64Y=", "search_on"=>"1", "date_from"=>{"year"=>"2016", "month"=>"6", "day"=>"27", "hour"=>"00", "minute"=>"00"}, "date_till"=>{"year"=>"2016", "month"=>"6", "day"=>"27", "hour"=>"23", "minute"=>"59"}, "s_device"=>"all", "s_call_type"=>"all", "s_source"=>"", "s_destination"=>""}
  Rendered stats/_last_calls_stats_user.html.erb (87.9ms)
  Rendered stats/last_calls_stats.html.erb within layouts/callc (88.7ms)
  Rendered layouts/_personal_menu2.html.erb (3.2ms)
Completed 200 OK in 116ms (Views: 97.0ms | ActiveRecord: 8.3ms)


Started GET "/billing/stats/last_calls_stats" for 138.117.85.49 at 2016-06-27 14:49:56 -0500
Processing by StatsController#last_calls_stats as HTML
  Rendered stats/_last_calls_stats_user.html.erb (8.3ms)
  Rendered stats/last_calls_stats.html.erb within layouts/callc (9.0ms)
  Rendered layouts/_personal_menu2.html.erb (3.2ms)
Completed 200 OK in 106ms (Views: 94.4ms | ActiveRecord: 2.0ms)


Started GET "/billing/accounting/user_invoices" for 138.117.85.49 at 2016-06-27 14:49:58 -0500
Processing by AccountingController#user_invoices as HTML
  Rendered accounting/user_invoices.html.erb within layouts/callc (24.7ms)
  Rendered layouts/_personal_menu2.html.erb (2.6ms)
Completed 200 OK in 35ms (Views: 31.6ms | ActiveRecord: 0.7ms)


Started GET "/billing/payments/personal_payments" for 138.117.85.49 at 2016-06-27 14:50:00 -0500
Processing by PaymentsController#personal_payments as HTML
  Rendered payments/personal_payments.html.erb within layouts/callc (60.9ms)
  Rendered layouts/_personal_menu2.html.erb (2.8ms)
Completed 200 OK in 244ms (Views: 143.7ms | ActiveRecord: 13.9ms)


Started GET "/billing/" for 138.117.85.40 at 2016-06-27 14:51:32 -0500
Processing by CallcController#main as HTML
Redirected to http://sip.fututel.com/billing/images/callc/login
Completed 302 Found in 8ms (ActiveRecord: 3.1ms)


Started GET "/billing/images/callc/login" for 138.117.85.40 at 2016-06-27 14:51:32 -0500
Processing by CallcController#login as HTML
  Rendered callc/login.html.erb within layouts/callc (3.4ms)
Completed 200 OK in 13ms (Views: 6.6ms | ActiveRecord: 1.7ms)


Started POST "/billing/callc/try_to_login" for 138.117.85.40 at 2016-06-27 14:51:38 -0500
Processing by CallcController#try_to_login as HTML
  Parameters: {"utf8"=>"✓", "authenticity_token"=>"zR/ClaxIILfFoGR3BaRoDUlwAlIxhCn5HAGoF1XXwUA=", "login"=>{"username"=>"573167696016", "psw"=>"[FILTERED]"}}
Redirected to http://sip.fututel.com/billing/
Completed 302 Found in 67ms (ActiveRecord: 41.8ms)


Started GET "/billing/" for 138.117.85.40 at 2016-06-27 14:51:39 -0500
Processing by CallcController#main as HTML
  Rendered callc/main.html.erb within layouts/callc (186.6ms)
  Rendered layouts/_personal_menu.html.erb (2.4ms)
Completed 200 OK in 242ms (Views: 51.2ms | ActiveRecord: 178.3ms)


Started GET "/billing/users/personal_details" for 138.117.85.40 at 2016-06-27 14:51:49 -0500
Processing by UsersController#personal_details as HTML
  Rendered users/_user_invoices_form.html.erb (2.1ms)
  Rendered users/_address_form.html.erb (9.9ms)
  Rendered users/_personal_form.html.erb (114.4ms)
  Rendered users/personal_details.html.erb within layouts/callc (116.0ms)
  Rendered layouts/_personal_menu.html.erb (2.3ms)
Completed 200 OK in 255ms (Views: 122.6ms | ActiveRecord: 6.4ms)


Started GET "/billing/stats/last_calls_stats" for 138.117.85.40 at 2016-06-27 14:52:01 -0500
Processing by StatsController#last_calls_stats as HTML
  Rendered stats/_last_calls_stats_user.html.erb (135.2ms)
  Rendered stats/last_calls_stats.html.erb within layouts/callc (136.1ms)
  Rendered layouts/_personal_menu.html.erb (2.0ms)
Completed 200 OK in 166ms (Views: 141.5ms | ActiveRecord: 13.2ms)


Started POST "/billing/api/send_sms_verification_code?u=admin&country_prefix=57&local_number=[FILTERED]&hash=5bb4bb4f1ec4956724c2e0bbeea5f1263d1f3df7" for 152.201.79.98 at 2016-06-27 14:52:16 -0500
Processing by ApiController#send_sms_verification_code as HTML
  Parameters: {"u"=>"admin", "country_prefix"=>"57", "local_number"=>"[FILTERED]", "hash"=>"5bb4bb4f1ec4956724c2e0bbeea5f1263d1f3df7"}
  Rendered text template (0.0ms)
Sent data mor_api_response.html (0.7ms)
Completed 200 OK in 1657ms (Views: 0.6ms | ActiveRecord: 199.5ms)


Started POST "/billing/api/user_register_mobile?u=admin&country_prefix=57&local_number=[FILTERED]&verif_code=85180&hash=992d6289863d4ed65112776c87945e6fa0e9455b" for 152.201.79.98 at 2016-06-27 14:52:42 -0500
Processing by ApiController#user_register_mobile as HTML
  Parameters: {"u"=>"admin", "country_prefix"=>"57", "local_number"=>"[FILTERED]", "verif_code"=>"85180", "hash"=>"992d6289863d4ed65112776c87945e6fa0e9455b"}
  Rendered text template (0.0ms)
Sent data mor_api_response.html (0.4ms)
Completed 200 OK in 152ms (Views: 0.4ms | ActiveRecord: 32.2ms)


Started POST "/billing/api/user_register_mobile?u=admin&country_prefix=57&local_number=[FILTERED]&verif_code=0703&hash=1ee5f6b7ffd56745dd90f25b4551868dc2ee06c6" for 152.201.79.98 at 2016-06-27 14:53:09 -0500
Processing by ApiController#user_register_mobile as HTML
  Parameters: {"u"=>"admin", "country_prefix"=>"57", "local_number"=>"[FILTERED]", "verif_code"=>"0703", "hash"=>"1ee5f6b7ffd56745dd90f25b4551868dc2ee06c6"}
  Rendered text template (0.0ms)
Sent data mor_api_response.html (0.5ms)
Completed 200 OK in 460ms (Views: 0.4ms | ActiveRecord: 288.7ms)


Started GET "/billing/callc/hourly_actions" for 127.0.0.1 at 2016-06-27 15:00:01 -0500
Processing by CallcController#hourly_actions as */*


Started GET "/billing/stats/last_calls_stats" for 138.117.85.40 at 2016-06-27 15:01:02 -0500
Processing by StatsController#last_calls_stats as HTML
  Rendered stats/_last_calls_stats_user.html.erb (169.6ms)
  Rendered stats/last_calls_stats.html.erb within layouts/callc (222.7ms)
  Rendered layouts/_personal_menu.html.erb (8.3ms)
Completed 200 OK in 994ms (Views: 294.6ms | ActiveRecord: 25.2ms)
  Rendered callc/hourly_actions.html.erb within layouts/callc (0.1ms)
Completed 200 OK in 184250ms (Views: 5.7ms | ActiveRecord: 467.5ms)


Started GET "/billing/callc/login/ufuxd1t9ab" for 66.249.79.152 at 2016-06-27 15:24:13 -0500
Processing by CallcController#login as HTML
  Parameters: {"id"=>"ufuxd1t9ab"}
  Rendered callc/login.html.erb within layouts/callc (6.4ms)
Completed 200 OK in 35ms (Views: 6.8ms | ActiveRecord: 17.7ms)


Started GET "/billing/callc/signup_start/f739f7060d" for 66.249.79.152 at 2016-06-27 15:37:40 -0500
Processing by CallcController#signup_start as HTML
  Parameters: {"id"=>"f739f7060d"}
  Rendered callc/_address_form.html.erb (200.0ms)
  Rendered callc/signup_start.html.erb within layouts/callc (201.5ms)
Completed 200 OK in 222ms (Views: 184.6ms | ActiveRecord: 23.3ms)


Started POST "/billing/api/send_sms_verification_code?u=admin&country_prefix=57&local_number=[FILTERED]&hash=3fcda2a684fd85f9fcbf4c7475ed624ce26f77a8" for 190.9.195.227 at 2016-06-27 15:46:52 -0500
Processing by ApiController#send_sms_verification_code as HTML
  Parameters: {"u"=>"admin", "country_prefix"=>"57", "local_number"=>"[FILTERED]", "hash"=>"3fcda2a684fd85f9fcbf4c7475ed624ce26f77a8"}
  Rendered text template (0.0ms)
Sent data mor_api_response.html (0.5ms)
Completed 200 OK in 9937ms (Views: 0.4ms | ActiveRecord: 201.4ms)


Started POST "/billing/api/user_register_mobile?u=admin&country_prefix=57&local_number=[FILTERED]&verif_code=5065&hash=c275f8a28fed303d10a771c9bef7fa113d4ecc3c" for 190.9.195.227 at 2016-06-27 15:47:21 -0500
Processing by ApiController#user_register_mobile as HTML
  Parameters: {"u"=>"admin", "country_prefix"=>"57", "local_number"=>"[FILTERED]", "verif_code"=>"5065", "hash"=>"c275f8a28fed303d10a771c9bef7fa113d4ecc3c"}
  Rendered text template (0.0ms)
Sent data mor_api_response.html (0.8ms)
Completed 200 OK in 243ms (Views: 0.7ms | ActiveRecord: 139.3ms)


Started POST "/billing/api/send_sms_verification_code?u=admin&country_prefix=57&local_number=[FILTERED]&hash=958e52f08257e33450da8393aceac5f4ed2af06f" for 190.65.93.118 at 2016-06-27 15:51:43 -0500
Processing by ApiController#send_sms_verification_code as HTML
  Parameters: {"u"=>"admin", "country_prefix"=>"57", "local_number"=>"[FILTERED]", "hash"=>"958e52f08257e33450da8393aceac5f4ed2af06f"}
  Rendered text template (0.0ms)
Sent data mor_api_response.html (0.5ms)
Completed 200 OK in 9960ms (Views: 0.4ms | ActiveRecord: 186.9ms)


Started POST "/billing/api/user_register_mobile?u=admin&country_prefix=57&local_number=[FILTERED]&verif_code=4521&hash=1dbc0349739a5866e5bc81624cf1361493cbf38a" for 190.65.93.118 at 2016-06-27 15:52:05 -0500
Processing by ApiController#user_register_mobile as HTML
  Parameters: {"u"=>"admin", "country_prefix"=>"57", "local_number"=>"[FILTERED]", "verif_code"=>"4521", "hash"=>"1dbc0349739a5866e5bc81624cf1361493cbf38a"}
  Rendered text template (0.0ms)
Sent data mor_api_response.html (0.5ms)
Completed 200 OK in 26ms (Views: 0.4ms | ActiveRecord: 14.5ms)


Started GET "/billing/callc/hourly_actions" for 127.0.0.1 at 2016-06-27 16:00:01 -0500
Processing by CallcController#hourly_actions as */*
  Rendered callc/hourly_actions.html.erb within layouts/callc (0.1ms)
Completed 200 OK in 169203ms (Views: 6.0ms | ActiveRecord: 609.0ms)


Started GET "/billing/images/callc/login" for 66.249.79.166 at 2016-06-27 16:11:15 -0500
Processing by CallcController#login as HTML
  Rendered callc/login.html.erb within layouts/callc (9.6ms)
Completed 200 OK in 25ms (Views: 8.3ms | ActiveRecord: 7.3ms)


Started POST "/billing/stats/last_calls_stats" for 181.56.30.246 at 2016-06-27 16:26:41 -0500
Processing by StatsController#last_calls_stats as HTML
  Parameters: {"utf8"=>"✓", "authenticity_token"=>"UYH5t1qSmbJLreF2mQ5+NYRvdm4nzPyv5iFXGMunwC4=", "search_on"=>"1", "date_from"=>{"year"=>"2016", "month"=>"6", "day"=>"27", "hour"=>"00", "minute"=>"00"}, "date_till"=>{"year"=>"2016", "month"=>"6", "day"=>"27", "hour"=>"23", "minute"=>"59"}, "s_device"=>"all", "s_call_type"=>"answered", "s_source"=>"", "s_destination"=>""}
WARNING: Can't verify CSRF token authenticity
Redirected to http://sip.fututel.com/billing/images/callc/login
Filter chain halted as :authorize rendered or redirected
Completed 302 Found in 7ms (ActiveRecord: 0.9ms)


Started GET "/billing/images/callc/login" for 181.56.30.246 at 2016-06-27 16:26:41 -0500
Processing by CallcController#login as HTML
  Rendered callc/login.html.erb within layouts/callc (3.4ms)
Completed 200 OK in 135ms (Views: 129.1ms | ActiveRecord: 1.1ms)


Started POST "/billing/callc/try_to_login" for 181.56.30.246 at 2016-06-27 16:26:44 -0500
Processing by CallcController#try_to_login as HTML
  Parameters: {"utf8"=>"✓", "authenticity_token"=>"5L3OvJxbaRVQ4VMJUSLk4X21jbAdwOgr/jRrzn4FM7A=", "login"=>{"username"=>"luciamar2972@hotmail.com", "psw"=>"[FILTERED]"}}
Redirected to http://sip.fututel.com/billing/
Completed 302 Found in 62ms (ActiveRecord: 39.5ms)


Started GET "/billing/" for 181.56.30.246 at 2016-06-27 16:26:44 -0500
Processing by CallcController#main as HTML
  Rendered callc/main.html.erb within layouts/callc (149.3ms)
  Rendered layouts/_personal_menu.html.erb (2.2ms)
Completed 200 OK in 200ms (Views: 39.1ms | ActiveRecord: 149.5ms)


Started GET "/billing/stats/last_calls_stats" for 181.56.30.246 at 2016-06-27 16:26:47 -0500
Processing by StatsController#last_calls_stats as HTML
  Rendered stats/_last_calls_stats_user.html.erb (128.9ms)
  Rendered stats/last_calls_stats.html.erb within layouts/callc (129.7ms)
  Rendered layouts/_personal_menu.html.erb (2.1ms)
Completed 200 OK in 165ms (Views: 134.5ms | ActiveRecord: 20.1ms)


Started GET "/billing/callc/login/ufuxd1t9ab" for 138.117.85.55 at 2016-06-27 16:37:19 -0500
Processing by CallcController#login as HTML
  Parameters: {"id"=>"ufuxd1t9ab"}
  Rendered callc/login.html.erb within layouts/callc (6.1ms)
Completed 200 OK in 38ms (Views: 7.2ms | ActiveRecord: 19.4ms)


Started POST "/billing/callc/try_to_login" for 138.117.85.55 at 2016-06-27 16:37:22 -0500
Processing by CallcController#try_to_login as HTML
  Parameters: {"utf8"=>"✓", "authenticity_token"=>"w/lU539JjTmZHveAZD79xsmffeKMH76YNKokrHEimJk=", "login"=>{"username"=>"sinergy.soporte@gmail.com", "psw"=>"[FILTERED]"}}
Redirected to http://sip.fututel.com/billing/
Completed 302 Found in 57ms (ActiveRecord: 28.7ms)


Started GET "/billing/" for 138.117.85.55 at 2016-06-27 16:37:23 -0500
Processing by CallcController#main as HTML
  Rendered callc/main.html.erb within layouts/callc (32.2ms)
  Rendered layouts/_reseller_menu.html.erb (102.1ms)
  Rendered layouts/_reseller_statistics_menu.html.erb (1.9ms)
  Rendered layouts/_personal_menu.html.erb (1.4ms)
Completed 200 OK in 329ms (Views: 138.6ms | ActiveRecord: 156.1ms)


Started GET "/billing/users/personal_details" for 138.117.85.55 at 2016-06-27 16:37:28 -0500
Processing by UsersController#personal_details as HTML
  Rendered users/_user_invoices_form.html.erb (0.3ms)
  Rendered users/_address_form.html.erb (87.1ms)
  Rendered users/_personal_form.html.erb (967.4ms)
  Rendered users/personal_details.html.erb within layouts/callc (968.3ms)
  Rendered layouts/_reseller_menu.html.erb (4.1ms)
  Rendered layouts/_reseller_statistics_menu.html.erb (0.5ms)
  Rendered layouts/_personal_menu.html.erb (0.8ms)
Completed 200 OK in 995ms (Views: 977.5ms | ActiveRecord: 6.2ms)


Started POST "/billing/api/send_sms_verification_code?u=admin&country_prefix=57&local_number=[FILTERED]&hash=3467888d25589b387b4bb12bb40b751d2f826b28" for 190.65.19.177 at 2016-06-27 16:41:27 -0500
Processing by ApiController#send_sms_verification_code as HTML
  Parameters: {"u"=>"admin", "country_prefix"=>"57", "local_number"=>"[FILTERED]", "hash"=>"3467888d25589b387b4bb12bb40b751d2f826b28"}
  Rendered text template (0.0ms)
Sent data mor_api_response.html (0.6ms)
Completed 200 OK in 20829ms (Views: 0.5ms | ActiveRecord: 240.1ms)


Started POST "/billing/api/user_register_mobile?u=admin&country_prefix=57&local_number=[FILTERED]&verif_code=4156&hash=ff65349575e7e16878414befd4a6d6c8424a5240" for 190.65.19.177 at 2016-06-27 16:42:15 -0500
Processing by ApiController#user_register_mobile as HTML
  Parameters: {"u"=>"admin", "country_prefix"=>"57", "local_number"=>"[FILTERED]", "verif_code"=>"4156", "hash"=>"ff65349575e7e16878414befd4a6d6c8424a5240"}
  Rendered text template (0.0ms)
Sent data mor_api_response.html (1.1ms)
Completed 200 OK in 325ms (Views: 0.6ms | ActiveRecord: 222.7ms)


Started POST "/billing/api/send_sms_verification_code?u=admin&country_prefix=57&local_number=[FILTERED]&hash=6758f8cf38e1cd70ee830353c31765bfe86210d8" for 190.252.156.148 at 2016-06-27 16:58:40 -0500
Processing by ApiController#send_sms_verification_code as HTML
  Parameters: {"u"=>"admin", "country_prefix"=>"57", "local_number"=>"[FILTERED]", "hash"=>"6758f8cf38e1cd70ee830353c31765bfe86210d8"}
  Rendered text template (0.0ms)
Sent data mor_api_response.html (0.5ms)
Completed 200 OK in 8006ms (Views: 0.4ms | ActiveRecord: 200.5ms)


Started POST "/billing/api/user_register_mobile?u=admin&country_prefix=57&local_number=[FILTERED]&verif_code=4790&hash=d6261afb4280586c3f67970f63c4ef14b362258e" for 190.252.156.148 at 2016-06-27 16:59:33 -0500
Processing by ApiController#user_register_mobile as HTML
  Parameters: {"u"=>"admin", "country_prefix"=>"57", "local_number"=>"[FILTERED]", "verif_code"=>"4790", "hash"=>"d6261afb4280586c3f67970f63c4ef14b362258e"}
  Rendered text template (0.0ms)
Sent data mor_api_response.html (0.4ms)
Completed 200 OK in 286ms (Views: 0.4ms | ActiveRecord: 105.4ms)


Started GET "/billing/callc/hourly_actions" for 127.0.0.1 at 2016-06-27 17:00:01 -0500
Processing by CallcController#hourly_actions as */*


Started GET "/billing/images/callc/login" for 186.170.194.207 at 2016-06-27 17:00:16 -0500


Started GET "/billing/images/callc/login" for 186.170.194.207 at 2016-06-27 17:00:16 -0500
Processing by CallcController#login as HTML
Processing by CallcController#login as HTML
  Rendered callc/login.html.erb within layouts/callc (9.9ms)
  Rendered callc/login.html.erb within layouts/callc (7.8ms)
Completed 200 OK in 473ms (Views: 119.4ms | ActiveRecord: 9.7ms)
Completed 200 OK in 473ms (Views: 118.9ms | ActiveRecord: 6.0ms)


Started POST "/billing/callc/try_to_login" for 186.170.194.207 at 2016-06-27 17:00:24 -0500
Processing by CallcController#try_to_login as HTML
  Parameters: {"utf8"=>"✓", "authenticity_token"=>"8AIvaJfvXYRpcMSIvk06g7GWSJ1AHg+8PSkMRTLtyu8=", "login"=>{"username"=>"admin", "psw"=>"[FILTERED]"}}
Redirected to http://sip.fututel.com/billing/
Completed 302 Found in 200ms (ActiveRecord: 37.7ms)


Started GET "/billing/" for 186.170.194.207 at 2016-06-27 17:00:25 -0500
Processing by CallcController#main as HTML
  Rendered callc/main.html.erb within layouts/callc (313.3ms)
  Rendered layouts/_settings_menu.html.erb (3.2ms)
  Rendered layouts/_addons_menu.html.erb (8.2ms)
  Rendered layouts/_statistics_menu.html.erb (1.7ms)
  Rendered layouts/_personal_menu.html.erb (6.9ms)
Completed 200 OK in 467ms (Views: 265.9ms | ActiveRecord: 187.9ms)


Started GET "/billing/users/list" for 186.170.194.207 at 2016-06-27 17:01:20 -0500
Processing by UsersController#list as HTML
  Rendered layouts/_user_buttons.html.erb (12.3ms)
  Rendered layouts/_user_buttons.html.erb (4.8ms)
  Rendered layouts/_user_buttons.html.erb (73.4ms)
  Rendered layouts/_user_buttons.html.erb (4.3ms)
  Rendered layouts/_user_buttons.html.erb (4.2ms)
  Rendered layouts/_user_buttons.html.erb (4.1ms)
  Rendered layouts/_user_buttons.html.erb (4.3ms)
  Rendered layouts/_user_buttons.html.erb (65.8ms)
  Rendered layouts/_user_buttons.html.erb (4.2ms)
  Rendered layouts/_user_buttons.html.erb (4.3ms)
  Rendered layouts/_user_buttons.html.erb (4.0ms)
  Rendered layouts/_user_buttons.html.erb (3.9ms)
  Rendered layouts/_user_buttons.html.erb (4.1ms)
  Rendered layouts/_user_buttons.html.erb (70.0ms)
  Rendered layouts/_user_buttons.html.erb (4.3ms)
  Rendered layouts/_user_buttons.html.erb (4.3ms)
  Rendered layouts/_user_buttons.html.erb (4.3ms)
  Rendered layouts/_user_buttons.html.erb (4.1ms)
  Rendered layouts/_user_buttons.html.erb (65.1ms)
  Rendered layouts/_user_buttons.html.erb (4.5ms)
  Rendered layouts/_user_buttons.html.erb (4.2ms)
  Rendered layouts/_user_buttons.html.erb (4.2ms)
  Rendered layouts/_user_buttons.html.erb (4.2ms)
  Rendered layouts/_user_buttons.html.erb (4.1ms)
  Rendered layouts/_user_buttons.html.erb (69.0ms)
  Rendered layouts/_user_buttons.html.erb (4.4ms)
  Rendered layouts/_user_buttons.html.erb (4.4ms)
  Rendered layouts/_user_buttons.html.erb (4.3ms)
  Rendered layouts/_user_buttons.html.erb (4.2ms)
  Rendered layouts/_user_buttons.html.erb (66.7ms)
  Rendered layouts/_user_buttons.html.erb (4.5ms)
  Rendered layouts/_user_buttons.html.erb (4.4ms)
  Rendered layouts/_user_buttons.html.erb (4.5ms)
  Rendered layouts/_user_buttons.html.erb (4.4ms)
  Rendered layouts/_user_buttons.html.erb (4.3ms)
  Rendered layouts/_user_buttons.html.erb (70.1ms)
  Rendered layouts/_user_buttons.html.erb (4.4ms)
  Rendered layouts/_user_buttons.html.erb (4.3ms)
  Rendered layouts/_user_buttons.html.erb (4.4ms)
  Rendered layouts/_user_buttons.html.erb (4.3ms)
  Rendered layouts/_user_buttons.html.erb (66.9ms)
  Rendered layouts/_user_buttons.html.erb (4.4ms)
  Rendered layouts/_user_buttons.html.erb (4.2ms)
  Rendered layouts/_user_buttons.html.erb (4.2ms)
  Rendered layouts/_user_buttons.html.erb (4.1ms)
  Rendered layouts/_user_buttons.html.erb (68.1ms)
  Rendered layouts/_user_buttons.html.erb (4.5ms)
  Rendered layouts/_user_buttons.html.erb (4.3ms)
  Rendered layouts/_user_buttons.html.erb (4.4ms)
  Rendered layouts/_user_buttons.html.erb (4.5ms)
  Rendered users/list.erb within layouts/callc (845.6ms)
  Rendered layouts/_settings_menu.html.erb (62.8ms)
  Rendered layouts/_addons_menu.html.erb (1.7ms)
  Rendered layouts/_statistics_menu.html.erb (0.5ms)
  Rendered layouts/_personal_menu.html.erb (2.1ms)
Completed 200 OK in 1447ms (Views: 915.6ms | ActiveRecord: 60.7ms)


Started POST "/billing/users/list" for 186.170.194.207 at 2016-06-27 17:01:27 -0500
Processing by UsersController#list as HTML
  Parameters: {"utf8"=>"✓", "authenticity_token"=>"8AIvaJfvXYRpcMSIvk06g7GWSJ1AHg+8PSkMRTLtyu8=", "s_username"=>"573104273831", "s_first_name"=>"", "s_last_name"=>"", "user_type"=>"-1", "s_email"=>"", "s_agr_number"=>"[FILTERED]", "s_acc_number"=>"[FILTERED]", "s_clientid"=>"", "sub_s"=>"-1", "s_id"=>"", "responsible_accountant_id"=>"-1"}
  Rendered layouts/_user_buttons.html.erb (4.6ms)
  Rendered users/list.erb within layouts/callc (11.1ms)
  Rendered layouts/_settings_menu.html.erb (1.2ms)
  Rendered layouts/_addons_menu.html.erb (1.8ms)
  Rendered layouts/_statistics_menu.html.erb (0.5ms)
  Rendered layouts/_personal_menu.html.erb (2.2ms)
Completed 200 OK in 120ms (Views: 100.7ms | ActiveRecord: 12.4ms)


Started GET "/billing/payments/manual_payment?user_id=2827" for 186.170.194.207 at 2016-06-27 17:01:31 -0500
Processing by PaymentsController#manual_payment as HTML
  Parameters: {"user_id"=>"2827"}
  Rendered payments/manual_payment.html.erb within layouts/callc (2.6ms)
  Rendered layouts/_settings_menu.html.erb (1.1ms)
  Rendered layouts/_addons_menu.html.erb (1.8ms)
  Rendered layouts/_statistics_menu.html.erb (50.3ms)
  Rendered layouts/_personal_menu.html.erb (2.6ms)
Completed 200 OK in 69ms (Views: 64.1ms | ActiveRecord: 1.2ms)


Started POST "/billing/payments/manual_payment_status" for 186.170.194.207 at 2016-06-27 17:01:38 -0500
Processing by PaymentsController#manual_payment_status as HTML
  Parameters: {"utf8"=>"✓", "authenticity_token"=>"8AIvaJfvXYRpcMSIvk06g7GWSJ1AHg+8PSkMRTLtyu8=", "user"=>"2827", "amount"=>"", "amount_with_tax"=>"5000", "p_currency"=>"COP", "description"=>"En deuda"}
  Rendered payments/manual_payment_status.html.erb within layouts/callc (3.0ms)
  Rendered layouts/_settings_menu.html.erb (1.0ms)
  Rendered layouts/_addons_menu.html.erb (1.6ms)
  Rendered layouts/_statistics_menu.html.erb (0.5ms)
  Rendered layouts/_personal_menu.html.erb (2.1ms)
Completed 200 OK in 17ms (Views: 12.8ms | ActiveRecord: 0.6ms)


Started POST "/billing/payments/manual_payment_finish" for 186.170.194.207 at 2016-06-27 17:01:39 -0500
Processing by PaymentsController#manual_payment_finish as HTML
  Parameters: {"utf8"=>"✓", "authenticity_token"=>"8AIvaJfvXYRpcMSIvk06g7GWSJ1AHg+8PSkMRTLtyu8=", "user"=>"2827", "amount"=>"5000.0", "p_currency"=>"COP", "real_amount"=>"5000.0", "description"=>"En deuda"}
Redirected to http://sip.fututel.com/billing/payments/list
Completed 302 Found in 189ms (ActiveRecord: 69.8ms)


Started GET "/billing/payments/list" for 186.170.194.207 at 2016-06-27 17:01:40 -0500
Processing by PaymentsController#list as HTML
  Rendered payments/_payment_description.html.erb (0.5ms)
  Rendered payments/_payment_description.html.erb (0.0ms)
  Rendered payments/_payment_description.html.erb (0.0ms)
  Rendered payments/_payment_description.html.erb (0.0ms)
  Rendered payments/_payment_description.html.erb (0.0ms)
  Rendered payments/_payment_description.html.erb (1.0ms)
  Rendered payments/list.html.erb within layouts/callc (95.5ms)
  Rendered layouts/_settings_menu.html.erb (1.0ms)
  Rendered layouts/_addons_menu.html.erb (1.6ms)
  Rendered layouts/_statistics_menu.html.erb (0.5ms)
  Rendered layouts/_personal_menu.html.erb (2.0ms)
Completed 200 OK in 200ms (Views: 156.5ms | ActiveRecord: 28.0ms)
  Rendered callc/hourly_actions.html.erb within layouts/callc (0.1ms)
Completed 200 OK in 189937ms (Views: 5.7ms | ActiveRecord: 512.2ms)


Started GET "/billing/callc/login/ufuxd1t9ab" for 66.249.79.166 at 2016-06-27 17:05:26 -0500
Processing by CallcController#login as HTML
  Parameters: {"id"=>"ufuxd1t9ab"}
  Rendered callc/login.html.erb within layouts/callc (6.0ms)
Completed 200 OK in 29ms (Views: 6.4ms | ActiveRecord: 13.7ms)


Started GET "/billing/payments/list" for 190.65.19.177 at 2016-06-27 17:33:16 -0500
Processing by PaymentsController#list as HTML
  Rendered payments/_payment_description.html.erb (0.5ms)
  Rendered payments/_payment_description.html.erb (0.0ms)
  Rendered payments/_payment_description.html.erb (0.0ms)
  Rendered payments/_payment_description.html.erb (0.0ms)
  Rendered payments/_payment_description.html.erb (0.0ms)
  Rendered payments/_payment_description.html.erb (86.4ms)
  Rendered payments/_payment_description.html.erb (0.0ms)
  Rendered payments/list.html.erb within layouts/callc (260.5ms)
  Rendered layouts/_settings_menu.html.erb (1.4ms)
  Rendered layouts/_addons_menu.html.erb (2.0ms)
  Rendered layouts/_statistics_menu.html.erb (0.5ms)
  Rendered layouts/_personal_menu.html.erb (3.7ms)
Completed 200 OK in 321ms (Views: 263.3ms | ActiveRecord: 39.6ms)


Started POST "/billing/payments/list" for 190.65.19.177 at 2016-06-27 17:33:27 -0500
Processing by PaymentsController#list as HTML
  Parameters: {"utf8"=>"✓", "authenticity_token"=>"8AIvaJfvXYRpcMSIvk06g7GWSJ1AHg+8PSkMRTLtyu8=", "s_username"=>"feliz", "s_first_name"=>"", "s_last_name"=>"", "s_amount_min"=>"", "s_amount_max"=>"", "s_currency"=>"", "date_from"=>{"year"=>"2016", "month"=>"6", "day"=>"27", "hour"=>"00", "minute"=>"00"}, "date_till"=>{"year"=>"2016", "month"=>"6", "day"=>"1", "hour"=>"23", "minute"=>"59"}, "s_paymenttype"=>"", "s_completed"=>"", "s_number"=>"[FILTERED]", "s_pin"=>"", "s_transaction"=>""}
  Rendered payments/list.html.erb within layouts/callc (96.7ms)
  Rendered layouts/_settings_menu.html.erb (1.1ms)
  Rendered layouts/_addons_menu.html.erb (1.8ms)
  Rendered layouts/_statistics_menu.html.erb (0.5ms)
  Rendered layouts/_personal_menu.html.erb (2.2ms)
Completed 200 OK in 120ms (Views: 107.4ms | ActiveRecord: 2.2ms)


Started POST "/billing/payments/list" for 190.65.19.177 at 2016-06-27 17:33:44 -0500
Processing by PaymentsController#list as HTML
  Parameters: {"utf8"=>"✓", "authenticity_token"=>"8AIvaJfvXYRpcMSIvk06g7GWSJ1AHg+8PSkMRTLtyu8=", "s_username"=>"felix", "s_first_name"=>"", "s_last_name"=>"", "s_amount_min"=>"", "s_amount_max"=>"", "s_currency"=>"", "date_from"=>{"year"=>"2016", "month"=>"6", "day"=>"1", "hour"=>"00", "minute"=>"00"}, "date_till"=>{"year"=>"2016", "month"=>"6", "day"=>"1", "hour"=>"23", "minute"=>"59"}, "s_paymenttype"=>"", "s_completed"=>"", "s_number"=>"[FILTERED]", "s_pin"=>"", "s_transaction"=>""}
  Rendered payments/list.html.erb within layouts/callc (10.5ms)
  Rendered layouts/_settings_menu.html.erb (81.2ms)
  Rendered layouts/_addons_menu.html.erb (1.9ms)
  Rendered layouts/_statistics_menu.html.erb (0.5ms)
  Rendered layouts/_personal_menu.html.erb (2.2ms)
Completed 200 OK in 196ms (Views: 101.3ms | ActiveRecord: 2.5ms)


Started POST "/billing/payments/list" for 190.65.19.177 at 2016-06-27 17:33:53 -0500
Processing by PaymentsController#list as HTML
  Parameters: {"utf8"=>"✓", "authenticity_token"=>"8AIvaJfvXYRpcMSIvk06g7GWSJ1AHg+8PSkMRTLtyu8=", "s_username"=>"felix", "s_first_name"=>"", "s_last_name"=>"", "s_amount_min"=>"", "s_amount_max"=>"", "s_currency"=>"", "date_from"=>{"year"=>"2016", "month"=>"6", "day"=>"1", "hour"=>"00", "minute"=>"00"}, "date_till"=>{"year"=>"2016", "month"=>"6", "day"=>"1", "hour"=>"23", "minute"=>"59"}, "s_paymenttype"=>"", "s_completed"=>"", "s_number"=>"[FILTERED]", "s_pin"=>"", "s_transaction"=>""}
  Rendered payments/list.html.erb within layouts/callc (95.3ms)
  Rendered layouts/_settings_menu.html.erb (1.1ms)
  Rendered layouts/_addons_menu.html.erb (1.9ms)
  Rendered layouts/_statistics_menu.html.erb (0.5ms)
  Rendered layouts/_personal_menu.html.erb (2.3ms)
Completed 200 OK in 117ms (Views: 106.1ms | ActiveRecord: 1.0ms)


Started POST "/billing/payments/list" for 190.65.19.177 at 2016-06-27 17:33:59 -0500
Processing by PaymentsController#list as HTML
  Parameters: {"utf8"=>"✓", "authenticity_token"=>"8AIvaJfvXYRpcMSIvk06g7GWSJ1AHg+8PSkMRTLtyu8=", "s_username"=>"felix", "s_first_name"=>"", "s_last_name"=>"", "s_amount_min"=>"", "s_amount_max"=>"", "s_currency"=>"", "date_from"=>{"year"=>"2016", "month"=>"5", "day"=>"1", "hour"=>"00", "minute"=>"00"}, "date_till"=>{"year"=>"2016", "month"=>"6", "day"=>"1", "hour"=>"23", "minute"=>"59"}, "s_paymenttype"=>"", "s_completed"=>"", "s_number"=>"[FILTERED]", "s_pin"=>"", "s_transaction"=>""}
  Rendered payments/_payment_description.html.erb (0.7ms)
  Rendered payments/list.html.erb within layouts/callc (100.2ms)
  Rendered layouts/_settings_menu.html.erb (1.1ms)
  Rendered layouts/_addons_menu.html.erb (1.8ms)
  Rendered layouts/_statistics_menu.html.erb (0.5ms)
  Rendered layouts/_personal_menu.html.erb (83.3ms)
Completed 200 OK in 212ms (Views: 190.5ms | ActiveRecord: 11.3ms)


Started POST "/billing/payments/list" for 190.65.19.177 at 2016-06-27 17:34:25 -0500
Processing by PaymentsController#list as HTML
  Parameters: {"utf8"=>"✓", "authenticity_token"=>"8AIvaJfvXYRpcMSIvk06g7GWSJ1AHg+8PSkMRTLtyu8=", "s_username"=>"felix", "s_first_name"=>"", "s_last_name"=>"", "s_amount_min"=>"", "s_amount_max"=>"", "s_currency"=>"", "date_from"=>{"year"=>"2016", "month"=>"4", "day"=>"1", "hour"=>"00", "minute"=>"00"}, "date_till"=>{"year"=>"2016", "month"=>"6", "day"=>"1", "hour"=>"23", "minute"=>"59"}, "s_paymenttype"=>"", "s_completed"=>"", "s_number"=>"[FILTERED]", "s_pin"=>"", "s_transaction"=>""}
  Rendered payments/_payment_description.html.erb (0.7ms)
  Rendered payments/_payment_description.html.erb (0.6ms)
  Rendered payments/_payment_description.html.erb (0.6ms)
  Rendered payments/list.html.erb within layouts/callc (109.1ms)
  Rendered layouts/_settings_menu.html.erb (1.1ms)
  Rendered layouts/_addons_menu.html.erb (1.7ms)
  Rendered layouts/_statistics_menu.html.erb (0.5ms)
  Rendered layouts/_personal_menu.html.erb (2.2ms)
Completed 200 OK in 144ms (Views: 119.5ms | ActiveRecord: 8.5ms)


Started POST "/billing/payments/list" for 190.65.19.177 at 2016-06-27 17:34:33 -0500
Processing by PaymentsController#list as HTML
  Parameters: {"utf8"=>"✓", "authenticity_token"=>"8AIvaJfvXYRpcMSIvk06g7GWSJ1AHg+8PSkMRTLtyu8=", "s_username"=>"felix", "s_first_name"=>"", "s_last_name"=>"", "s_amount_min"=>"", "s_amount_max"=>"", "s_currency"=>"", "date_from"=>{"year"=>"2016", "month"=>"1", "day"=>"1", "hour"=>"00", "minute"=>"00"}, "date_till"=>{"year"=>"2016", "month"=>"6", "day"=>"1", "hour"=>"23", "minute"=>"59"}, "s_paymenttype"=>"", "s_completed"=>"", "s_number"=>"[FILTERED]", "s_pin"=>"", "s_transaction"=>""}
  Rendered payments/_payment_description.html.erb (0.0ms)
  Rendered payments/_payment_description.html.erb (0.9ms)
  Rendered payments/_payment_description.html.erb (0.0ms)
  Rendered payments/_payment_description.html.erb (0.6ms)
  Rendered payments/_payment_description.html.erb (0.7ms)
  Rendered payments/_payment_description.html.erb (0.7ms)
  Rendered payments/_payment_description.html.erb (88.6ms)
  Rendered payments/_payment_description.html.erb (0.6ms)
  Rendered payments/_payment_description.html.erb (0.6ms)
  Rendered payments/_payment_description.html.erb (0.6ms)
  Rendered payments/list.html.erb within layouts/callc (208.3ms)
  Rendered layouts/_settings_menu.html.erb (1.1ms)
  Rendered layouts/_addons_menu.html.erb (1.6ms)
  Rendered layouts/_statistics_menu.html.erb (0.5ms)
  Rendered layouts/_personal_menu.html.erb (2.1ms)
Completed 200 OK in 244ms (Views: 218.1ms | ActiveRecord: 8.7ms)


Started POST "/billing/payments/list" for 190.65.19.177 at 2016-06-27 17:35:08 -0500
Processing by PaymentsController#list as HTML
  Parameters: {"utf8"=>"✓", "authenticity_token"=>"8AIvaJfvXYRpcMSIvk06g7GWSJ1AHg+8PSkMRTLtyu8=", "s_username"=>"felix", "s_first_name"=>"", "s_last_name"=>"", "s_amount_min"=>"", "s_amount_max"=>"", "s_currency"=>"", "date_from"=>{"year"=>"2016", "month"=>"1", "day"=>"1", "hour"=>"00", "minute"=>"00"}, "date_till"=>{"year"=>"2016", "month"=>"6", "day"=>"30", "hour"=>"23", "minute"=>"59"}, "s_paymenttype"=>"", "s_completed"=>"", "s_number"=>"[FILTERED]", "s_pin"=>"", "s_transaction"=>""}
  Rendered payments/_payment_description.html.erb (0.0ms)
  Rendered payments/_payment_description.html.erb (0.7ms)
  Rendered payments/_payment_description.html.erb (0.0ms)
  Rendered payments/_payment_description.html.erb (0.6ms)
  Rendered payments/_payment_description.html.erb (0.6ms)
  Rendered payments/_payment_description.html.erb (0.6ms)
  Rendered payments/_payment_description.html.erb (0.6ms)
  Rendered payments/_payment_description.html.erb (0.6ms)
  Rendered payments/_payment_description.html.erb (0.6ms)
  Rendered payments/_payment_description.html.erb (0.6ms)
  Rendered payments/_payment_description.html.erb (0.6ms)
  Rendered payments/list.html.erb within layouts/callc (197.9ms)
  Rendered layouts/_settings_menu.html.erb (1.1ms)
  Rendered layouts/_addons_menu.html.erb (1.6ms)
  Rendered layouts/_statistics_menu.html.erb (0.5ms)
  Rendered layouts/_personal_menu.html.erb (2.1ms)
Completed 200 OK in 235ms (Views: 207.5ms | ActiveRecord: 9.9ms)


Started GET "/billing/users/edit/2608" for 190.65.19.177 at 2016-06-27 17:35:29 -0500
Processing by UsersController#edit as HTML
  Parameters: {"id"=>"2608"}
  Rendered layouts/_user_buttons.html.erb (8.0ms)
  Rendered users/_user_invoices_form.html.erb (0.7ms)
  Rendered users/_tax_form.html.erb (1.8ms)
  Rendered users/_address_form.html.erb (87.1ms)
  Rendered users/_form.html.erb (419.5ms)
  Rendered users/edit.html.erb within layouts/callc (421.6ms)
  Rendered layouts/_settings_menu.html.erb (1.1ms)
  Rendered layouts/_addons_menu.html.erb (1.4ms)
  Rendered layouts/_statistics_menu.html.erb (0.5ms)
  Rendered layouts/_personal_menu.html.erb (2.2ms)
Completed 200 OK in 462ms (Views: 426.3ms | ActiveRecord: 20.0ms)


Started GET "/billing/callc/hourly_actions" for 127.0.0.1 at 2016-06-27 18:00:01 -0500
Processing by CallcController#hourly_actions as */*


Started POST "/billing/payments/list" for 190.65.19.177 at 2016-06-27 18:01:20 -0500
Processing by PaymentsController#list as HTML
  Parameters: {"utf8"=>"✓", "authenticity_token"=>"8AIvaJfvXYRpcMSIvk06g7GWSJ1AHg+8PSkMRTLtyu8=", "s_username"=>"felix", "s_first_name"=>"", "s_last_name"=>"", "s_amount_min"=>"", "s_amount_max"=>"", "s_currency"=>"", "date_from"=>{"year"=>"2016", "month"=>"1", "day"=>"1", "hour"=>"00", "minute"=>"00"}, "date_till"=>{"year"=>"2016", "month"=>"6", "day"=>"30", "hour"=>"23", "minute"=>"59"}, "s_paymenttype"=>"", "s_completed"=>"", "s_number"=>"[FILTERED]", "s_pin"=>"", "s_transaction"=>""}
  Rendered payments/_payment_description.html.erb (0.6ms)
  Rendered payments/_payment_description.html.erb (0.7ms)
  Rendered payments/_payment_description.html.erb (0.0ms)
  Rendered payments/_payment_description.html.erb (0.6ms)
  Rendered payments/_payment_description.html.erb (0.5ms)
  Rendered payments/_payment_description.html.erb (0.6ms)
  Rendered payments/_payment_description.html.erb (0.5ms)
  Rendered payments/_payment_description.html.erb (0.5ms)
  Rendered payments/_payment_description.html.erb (0.5ms)
  Rendered payments/_payment_description.html.erb (0.6ms)
  Rendered payments/_payment_description.html.erb (0.6ms)
  Rendered payments/list.html.erb within layouts/callc (139.6ms)
  Rendered layouts/_settings_menu.html.erb (3.0ms)
  Rendered layouts/_addons_menu.html.erb (7.9ms)
  Rendered layouts/_statistics_menu.html.erb (1.7ms)
  Rendered layouts/_personal_menu.html.erb (57.3ms)
Completed 200 OK in 733ms (Views: 360.6ms | ActiveRecord: 21.0ms)


Started POST "/billing/api/send_sms_verification_code?u=admin&country_prefix=57&local_number=[FILTERED]&hash=1195e21373d30ae9c13236af15cad06b1112de80" for 191.102.216.76 at 2016-06-27 18:01:33 -0500
Processing by ApiController#send_sms_verification_code as HTML
  Parameters: {"u"=>"admin", "country_prefix"=>"57", "local_number"=>"[FILTERED]", "hash"=>"1195e21373d30ae9c13236af15cad06b1112de80"}
  Rendered text template (0.0ms)
Sent data mor_api_response.html (3.1ms)
Completed 200 OK in 11183ms (Views: 3.0ms | ActiveRecord: 209.4ms)


Started POST "/billing/api/user_register_mobile?u=admin&country_prefix=57&local_number=[FILTERED]&verif_code=4812&hash=332dbe775749e3edfbd92674118b9fc7aebb7923" for 191.102.216.76 at 2016-06-27 18:02:03 -0500
Processing by ApiController#user_register_mobile as HTML
  Parameters: {"u"=>"admin", "country_prefix"=>"57", "local_number"=>"[FILTERED]", "verif_code"=>"4812", "hash"=>"332dbe775749e3edfbd92674118b9fc7aebb7923"}
  Rendered text template (0.0ms)
Sent data mor_api_response.html (1.1ms)
Completed 200 OK in 740ms (Views: 0.4ms | ActiveRecord: 170.9ms)
  Rendered callc/hourly_actions.html.erb within layouts/callc (0.1ms)
Completed 200 OK in 182501ms (Views: 6.0ms | ActiveRecord: 503.8ms)


Started POST "/billing/payments/list" for 190.65.19.177 at 2016-06-27 18:08:11 -0500
Processing by PaymentsController#list as HTML
  Parameters: {"utf8"=>"✓", "authenticity_token"=>"8AIvaJfvXYRpcMSIvk06g7GWSJ1AHg+8PSkMRTLtyu8=", "s_username"=>"felix", "s_first_name"=>"", "s_last_name"=>"", "s_amount_min"=>"", "s_amount_max"=>"", "s_currency"=>"", "date_from"=>{"year"=>"2016", "month"=>"1", "day"=>"1", "hour"=>"00", "minute"=>"00"}, "date_till"=>{"year"=>"2016", "month"=>"6", "day"=>"30", "hour"=>"23", "minute"=>"59"}, "s_paymenttype"=>"", "s_completed"=>"", "s_number"=>"[FILTERED]", "s_pin"=>"", "s_transaction"=>""}
  Rendered payments/_payment_description.html.erb (0.0ms)
  Rendered payments/_payment_description.html.erb (1.1ms)
  Rendered payments/_payment_description.html.erb (0.0ms)
  Rendered payments/_payment_description.html.erb (82.3ms)
  Rendered payments/_payment_description.html.erb (0.6ms)
  Rendered payments/_payment_description.html.erb (0.7ms)
  Rendered payments/_payment_description.html.erb (0.6ms)
  Rendered payments/_payment_description.html.erb (0.6ms)
  Rendered payments/_payment_description.html.erb (0.6ms)
  Rendered payments/_payment_description.html.erb (0.6ms)
  Rendered payments/_payment_description.html.erb (0.6ms)
  Rendered payments/list.html.erb within layouts/callc (119.8ms)
  Rendered layouts/_settings_menu.html.erb (1.1ms)
  Rendered layouts/_addons_menu.html.erb (1.6ms)
  Rendered layouts/_statistics_menu.html.erb (0.5ms)
  Rendered layouts/_personal_menu.html.erb (2.1ms)
Completed 200 OK in 288ms (Views: 129.3ms | ActiveRecord: 23.4ms)


Started GET "/billing/users/list" for 190.65.19.177 at 2016-06-27 18:29:15 -0500
Processing by UsersController#list as HTML
  Rendered layouts/_user_buttons.html.erb (5.2ms)
  Rendered users/list.erb within layouts/callc (16.6ms)
  Rendered layouts/_settings_menu.html.erb (1.1ms)
  Rendered layouts/_addons_menu.html.erb (1.6ms)
  Rendered layouts/_statistics_menu.html.erb (0.5ms)
  Rendered layouts/_personal_menu.html.erb (2.1ms)
Completed 200 OK in 57ms (Views: 24.5ms | ActiveRecord: 23.5ms)


Started POST "/billing/users/list" for 190.65.19.177 at 2016-06-27 18:29:33 -0500
Processing by UsersController#list as HTML
  Parameters: {"utf8"=>"✓", "authenticity_token"=>"8AIvaJfvXYRpcMSIvk06g7GWSJ1AHg+8PSkMRTLtyu8=", "s_username"=>"573116642114", "s_first_name"=>"", "s_last_name"=>"", "user_type"=>"-1", "s_email"=>"", "s_agr_number"=>"[FILTERED]", "s_acc_number"=>"[FILTERED]", "s_clientid"=>"", "sub_s"=>"-1", "s_id"=>"", "responsible_accountant_id"=>"-1"}
  Rendered layouts/_user_buttons.html.erb (5.3ms)
  Rendered users/list.erb within layouts/callc (11.3ms)
  Rendered layouts/_settings_menu.html.erb (1.1ms)
  Rendered layouts/_addons_menu.html.erb (1.7ms)
  Rendered layouts/_statistics_menu.html.erb (0.5ms)
  Rendered layouts/_personal_menu.html.erb (2.3ms)
Completed 200 OK in 135ms (Views: 22.1ms | ActiveRecord: 20.4ms)


Started GET "/billing/payments/manual_payment?user_id=2762" for 190.65.19.177 at 2016-06-27 18:29:37 -0500
Processing by PaymentsController#manual_payment as HTML
  Parameters: {"user_id"=>"2762"}
  Rendered payments/manual_payment.html.erb within layouts/callc (3.7ms)
  Rendered layouts/_settings_menu.html.erb (1.2ms)
  Rendered layouts/_addons_menu.html.erb (2.1ms)
  Rendered layouts/_statistics_menu.html.erb (0.6ms)
  Rendered layouts/_personal_menu.html.erb (4.1ms)
Completed 200 OK in 115ms (Views: 107.8ms | ActiveRecord: 2.7ms)


Started POST "/billing/payments/manual_payment_status" for 190.65.19.177 at 2016-06-27 18:30:52 -0500
Processing by PaymentsController#manual_payment_status as HTML
  Parameters: {"utf8"=>"✓", "authenticity_token"=>"8AIvaJfvXYRpcMSIvk06g7GWSJ1AHg+8PSkMRTLtyu8=", "user"=>"2762", "amount"=>"", "amount_with_tax"=>"12000", "p_currency"=>"COP", "description"=>"Factura de Internet Julio"}
  Rendered payments/manual_payment_status.html.erb within layouts/callc (3.5ms)
  Rendered layouts/_settings_menu.html.erb (1.1ms)
  Rendered layouts/_addons_menu.html.erb (1.9ms)
  Rendered layouts/_statistics_menu.html.erb (0.5ms)
  Rendered layouts/_personal_menu.html.erb (2.4ms)
Completed 200 OK in 24ms (Views: 15.1ms | ActiveRecord: 3.3ms)


Started POST "/billing/payments/manual_payment_finish" for 190.65.19.177 at 2016-06-27 18:30:54 -0500
Processing by PaymentsController#manual_payment_finish as HTML
  Parameters: {"utf8"=>"✓", "authenticity_token"=>"8AIvaJfvXYRpcMSIvk06g7GWSJ1AHg+8PSkMRTLtyu8=", "user"=>"2762", "amount"=>"12000.0", "p_currency"=>"COP", "real_amount"=>"12000.0", "description"=>"Factura de Internet Julio"}
Redirected to http://sip.fututel.com/billing/payments/list
Completed 302 Found in 63ms (ActiveRecord: 35.1ms)


Started GET "/billing/payments/list" for 190.65.19.177 at 2016-06-27 18:30:54 -0500
Processing by PaymentsController#list as HTML
  Rendered payments/_payment_description.html.erb (0.0ms)
  Rendered payments/_payment_description.html.erb (0.7ms)
  Rendered payments/_payment_description.html.erb (0.0ms)
  Rendered payments/_payment_description.html.erb (0.6ms)
  Rendered payments/_payment_description.html.erb (0.6ms)
  Rendered payments/_payment_description.html.erb (0.7ms)
  Rendered payments/_payment_description.html.erb (0.6ms)
  Rendered payments/_payment_description.html.erb (0.6ms)
  Rendered payments/_payment_description.html.erb (0.6ms)
  Rendered payments/_payment_description.html.erb (0.6ms)
  Rendered payments/_payment_description.html.erb (0.6ms)
  Rendered payments/list.html.erb within layouts/callc (122.2ms)
  Rendered layouts/_settings_menu.html.erb (87.1ms)
  Rendered layouts/_addons_menu.html.erb (1.8ms)
  Rendered layouts/_statistics_menu.html.erb (0.5ms)
  Rendered layouts/_personal_menu.html.erb (2.2ms)
Completed 200 OK in 274ms (Views: 217.5ms | ActiveRecord: 35.5ms)


Started POST "/billing/payments/list" for 190.65.19.177 at 2016-06-27 18:31:01 -0500
Processing by PaymentsController#list as HTML
  Parameters: {"utf8"=>"✓", "authenticity_token"=>"8AIvaJfvXYRpcMSIvk06g7GWSJ1AHg+8PSkMRTLtyu8=", "s_username"=>"", "s_first_name"=>"", "s_last_name"=>"", "s_amount_min"=>"", "s_amount_max"=>"", "s_currency"=>"", "date_from"=>{"year"=>"2016", "month"=>"1", "day"=>"1", "hour"=>"00", "minute"=>"00"}, "date_till"=>{"year"=>"2016", "month"=>"6", "day"=>"30", "hour"=>"23", "minute"=>"59"}, "s_paymenttype"=>"", "s_completed"=>"", "s_number"=>"[FILTERED]", "s_pin"=>"", "s_transaction"=>""}
  Rendered payments/_page_select_header_payments.html.erb (6.6ms)
  Rendered payments/_payment_description.html.erb (1.5ms)
  Rendered payments/_payment_description.html.erb (0.9ms)
  Rendered payments/_payment_description.html.erb (0.7ms)
  Rendered payments/_payment_description.html.erb (0.0ms)
  Rendered payments/_payment_description.html.erb (0.7ms)
  Rendered payments/_payment_description.html.erb (0.0ms)
  Rendered payments/_payment_description.html.erb (0.7ms)
  Rendered payments/_payment_description.html.erb (0.0ms)
  Rendered payments/_payment_description.html.erb (0.7ms)
  Rendered payments/_payment_description.html.erb (0.6ms)
  Rendered payments/_payment_description.html.erb (0.0ms)
  Rendered payments/_payment_description.html.erb (1.1ms)
  Rendered payments/_payment_description.html.erb (1.1ms)
  Rendered payments/_payment_description.html.erb (0.6ms)
  Rendered payments/_payment_description.html.erb (0.6ms)
  Rendered payments/_payment_description.html.erb (0.6ms)
  Rendered payments/_payment_description.html.erb (0.6ms)
  Rendered payments/_payment_description.html.erb (92.3ms)
  Rendered payments/_payment_description.html.erb (0.6ms)
  Rendered payments/_payment_description.html.erb (0.7ms)
  Rendered payments/_payment_description.html.erb (0.0ms)
  Rendered payments/_payment_description.html.erb (0.6ms)
  Rendered payments/_payment_description.html.erb (1.2ms)
  Rendered payments/_payment_description.html.erb (0.7ms)
  Rendered payments/_payment_description.html.erb (0.6ms)
  Rendered payments/_payment_description.html.erb (0.6ms)
  Rendered payments/_payment_description.html.erb (0.6ms)
  Rendered payments/_payment_description.html.erb (0.6ms)
  Rendered payments/_payment_description.html.erb (0.6ms)
  Rendered payments/_payment_description.html.erb (0.6ms)
  Rendered payments/_payment_description.html.erb (0.6ms)
  Rendered payments/_payment_description.html.erb (0.6ms)
  Rendered payments/_payment_description.html.erb (0.6ms)
  Rendered payments/_payment_description.html.erb (0.8ms)
  Rendered payments/_payment_description.html.erb (0.0ms)
  Rendered payments/_payment_description.html.erb (0.6ms)
  Rendered payments/_payment_description.html.erb (0.6ms)
  Rendered payments/_payment_description.html.erb (0.6ms)
  Rendered payments/_payment_description.html.erb (0.6ms)
  Rendered payments/_payment_description.html.erb (0.6ms)
  Rendered payments/_payment_description.html.erb (0.6ms)
  Rendered payments/_payment_description.html.erb (0.6ms)
  Rendered payments/_payment_description.html.erb (0.0ms)
  Rendered payments/_payment_description.html.erb (0.6ms)
  Rendered payments/_payment_description.html.erb (0.6ms)
  Rendered payments/_payment_description.html.erb (0.6ms)
  Rendered payments/_payment_description.html.erb (0.0ms)
  Rendered payments/_payment_description.html.erb (0.6ms)
  Rendered payments/_payment_description.html.erb (0.6ms)
  Rendered payments/_payment_description.html.erb (0.7ms)
  Rendered payments/list.html.erb within layouts/callc (555.2ms)
  Rendered layouts/_settings_menu.html.erb (1.1ms)
  Rendered layouts/_addons_menu.html.erb (1.7ms)
  Rendered layouts/_statistics_menu.html.erb (0.6ms)
  Rendered layouts/_personal_menu.html.erb (2.3ms)
Completed 200 OK in 815ms (Views: 548.6ms | ActiveRecord: 58.0ms)


Started POST "/billing/payments/list" for 190.65.19.177 at 2016-06-27 18:31:23 -0500
Processing by PaymentsController#list as HTML
  Parameters: {"utf8"=>"✓", "authenticity_token"=>"8AIvaJfvXYRpcMSIvk06g7GWSJ1AHg+8PSkMRTLtyu8=", "s_username"=>"", "s_first_name"=>"", "s_last_name"=>"", "s_amount_min"=>"", "s_amount_max"=>"", "s_currency"=>"", "date_from"=>{"year"=>"2016", "month"=>"6", "day"=>"27", "hour"=>"00", "minute"=>"00"}, "date_till"=>{"year"=>"2016", "month"=>"6", "day"=>"27", "hour"=>"23", "minute"=>"59"}, "s_paymenttype"=>"", "s_completed"=>"", "s_number"=>"[FILTERED]", "s_pin"=>"", "s_transaction"=>""}
  Rendered payments/_payment_description.html.erb (0.0ms)
  Rendered payments/_payment_description.html.erb (0.0ms)
  Rendered payments/_payment_description.html.erb (0.0ms)
  Rendered payments/_payment_description.html.erb (0.0ms)
  Rendered payments/_payment_description.html.erb (0.0ms)
  Rendered payments/_payment_description.html.erb (1.2ms)
  Rendered payments/_payment_description.html.erb (0.0ms)
  Rendered payments/_payment_description.html.erb (0.0ms)
  Rendered payments/_payment_description.html.erb (0.0ms)
  Rendered payments/_payment_description.html.erb (0.8ms)
  Rendered payments/list.html.erb within layouts/callc (150.5ms)
  Rendered layouts/_settings_menu.html.erb (1.1ms)
  Rendered layouts/_addons_menu.html.erb (1.7ms)
  Rendered layouts/_statistics_menu.html.erb (0.5ms)
  Rendered layouts/_personal_menu.html.erb (2.1ms)
Completed 200 OK in 281ms (Views: 239.4ms | ActiveRecord: 19.7ms)
